2013-12-30 03:21:58|p1_MerId1006r0_CmdBuyr1_Code1r2_TrxId201312301517188861006870r3_Amt1.00r4_CurRMBr5_Pid在线充值r6_Orderceshi_15320131230031951r7_Uid0r8_MPceshir9_BType2|99C810BD7DC0C596540D21F00AA5BAE5|99C810BD7DC0C596540D21F00AA5BAE5
2013-12-30 03:21:58|返回信息错误99C810BD7DC0C596540D21F00AA5BAE599C810BD7DC0C596540D21F00AA5BAE51
2013-12-30 03:21:58|,,,2
2013-12-30 03:21:58|sql1select * from k_money where m_order = 'ceshi_15320131230031951'
2013-12-30 03:21:58|sql2insert into k_money(uid,m_value,m_order,status,assets,balance) values(16,1.00,'ceshi_15320131230031951',2,99691.32,99691.32+1.00)
2013-12-30 03:21:58|sql3update k_money,k_user set k_money.status=1,k_money.update_time=now(),k_user.money=k_user.money+k_money.m_value,k_money.about='该订单在线冲值操作成功',k_money.sxf=k_money.m_value/100,k_money.balance=k_user.money+k_money.m_value where k_money.uid=k_user.uid and k_money.m_id=60 and k_money.`status`=2
2013-12-30 03:22:03|p1_MerId1006r0_CmdBuyr1_Code1r2_TrxId201312301517188861006870r3_Amt1.00r4_CurRMBr5_Pid在线充值r6_Orderceshi_15320131230031951r7_Uid0r8_MPceshir9_BType2|99C810BD7DC0C596540D21F00AA5BAE5|99C810BD7DC0C596540D21F00AA5BAE5
2013-12-30 03:22:03|返回信息错误99C810BD7DC0C596540D21F00AA5BAE599C810BD7DC0C596540D21F00AA5BAE51
2013-12-30 03:22:03|,,,2
2013-12-30 03:22:03|sql1select * from k_money where m_order = 'ceshi_15320131230031951'
2013-12-30 03:22:04|p1_MerId1006r0_CmdBuyr1_Code1r2_TrxId201312301517188861006870r3_Amt1.00r4_CurRMBr5_Pid在线充值r6_Orderceshi_15320131230031951r7_Uid0r8_MPceshir9_BType1|1E9B2ACAC858B4AB83B5AEB71608E4A5|1E9B2ACAC858B4AB83B5AEB71608E4A5
2013-12-30 03:22:04|返回信息错误1E9B2ACAC858B4AB83B5AEB71608E4A51E9B2ACAC858B4AB83B5AEB71608E4A51
2013-12-30 03:22:04|,,,1
2013-12-30 04:28:44|p1_MerId1006r0_CmdBuyr1_Code1r2_TrxId201312301503256391006526r3_Amt1.0r4_CurRMBr5_Pid在线充值r6_Orderceshi_52220131230030601r7_Uid0r8_MPceshir9_BType1|AD550E380599AE1EE7162845BC4DE28C|AD550E380599AE1EE7162845BC4DE28C
2013-12-30 07:55:34|p1_MerId1006r0_CmdBuyr1_Code1r2_TrxId201312301951365121006991r3_Amt1.00r4_CurRMBr5_Pid在线充值r6_Orderceshi_60220131230075409r7_Uid0r8_MPceshir9_BType2|EC1015BCA4A1AC0AA8D9750E0553BB2F|EC1015BCA4A1AC0AA8D9750E0553BB2F
2013-12-30 07:55:44|p1_MerId1006r0_CmdBuyr1_Code1r2_TrxId201312301951365121006991r3_Amt1.00r4_CurRMBr5_Pid在线充值r6_Orderceshi_60220131230075409r7_Uid0r8_MPceshir9_BType2|EC1015BCA4A1AC0AA8D9750E0553BB2F|EC1015BCA4A1AC0AA8D9750E0553BB2F
2013-12-30 07:55:45|p1_MerId1006r0_CmdBuyr1_Code1r2_TrxId201312301951365121006991r3_Amt1.00r4_CurRMBr5_Pid在线充值r6_Orderceshi_60220131230075409r7_Uid0r8_MPceshir9_BType1|80125A3ACE57BC694C33A3E92E1B9EA3|80125A3ACE57BC694C33A3E92E1B9EA3
2013-12-30 07:58:02|p1_MerId1006r0_CmdBuyr1_Code1r2_TrxId201312301954356441006669r3_Amt2.00r4_CurRMBr5_Pid在线充值r6_Orderceshi_80220131230075712r7_Uid0r8_MPceshir9_BType2|CC26B4D0445912638DF4DCB736634624|CC26B4D0445912638DF4DCB736634624
2013-12-30 07:58:08|p1_MerId1006r0_CmdBuyr1_Code1r2_TrxId201312301954356441006669r3_Amt2.00r4_CurRMBr5_Pid在线充值r6_Orderceshi_80220131230075712r7_Uid0r8_MPceshir9_BType2|CC26B4D0445912638DF4DCB736634624|CC26B4D0445912638DF4DCB736634624
2013-12-30 07:58:09|p1_MerId1006r0_CmdBuyr1_Code1r2_TrxId201312301954356441006669r3_Amt2.00r4_CurRMBr5_Pid在线充值r6_Orderceshi_80220131230075712r7_Uid0r8_MPceshir9_BType1|2DA8FA8505EC49C3B1C9C7B2B2EF12C5|2DA8FA8505EC49C3B1C9C7B2B2EF12C5
